<?xml version="1.0" encoding="UTF-8"?>
<testng-results ignored="0" total="1" passed="1" failed="0" skipped="0">
  <reporter-output>
  </reporter-output>
  <suite started-at="2022-01-11T20:54:17 PST" name="Default suite" finished-at="2022-01-11T20:54:40 PST" duration-ms="22925">
    <groups>
    </groups>
    <test started-at="2022-01-11T20:54:17 PST" name="Default test" finished-at="2022-01-11T20:54:40 PST" duration-ms="22925">
      <class name="testCases.loginApplication">
        <test-method signature="login()[pri:0, instance:testCases.loginApplication@bd4dc25]" started-at="2022-01-11T20:54:17 PST" name="login" finished-at="2022-01-11T20:54:40 PST" duration-ms="22881" status="PASS">
          <reporter-output>
          </reporter-output>
        </test-method> <!-- login -->
      </class> <!-- testCases.loginApplication -->
    </test> <!-- Default test -->
  </suite> <!-- Default suite -->
</testng-results>
